<?xml version="1.0" encoding="UTF-8"?>
<testng-results skipped="0" failed="0" ignored="0" total="1" passed="1">
  <reporter-output>
  </reporter-output>
  <suite name="sitename" duration-ms="70" started-at="2018-10-03T12:29:59Z" finished-at="2018-10-03T12:29:59Z">
    <groups>
    </groups>
    <test name="test" duration-ms="70" started-at="2018-10-03T12:29:59Z" finished-at="2018-10-03T12:29:59Z">
      <class name="jenkintest.NewTest">
        <test-method status="PASS" signature="f()[pri:0, instance:jenkintest.NewTest@4439f31e]" name="f" duration-ms="14" started-at="2018-10-03T12:29:59Z" finished-at="2018-10-03T12:29:59Z">
          <reporter-output>
          </reporter-output>
        </test-method> <!-- f -->
      </class> <!-- jenkintest.NewTest -->
    </test> <!-- test -->
  </suite> <!-- sitename -->
</testng-results>
